  ListTokens.cpp
  argument_list.cpp
E:\CppProgarams\MVS\TLP_LiScript\LiScript\LiScript\LiScript\allocator.h(10,1): warning C4005: LOG: изменение макроопределения
  ast.cpp
E:\CppProgarams\MVS\smart_popinters\smart_pointers\smart_pointers\deleter_default.h(4): message : см. предыдущее определение "LOG"
E:\CppProgarams\MVS\TLP_LiScript\LiScript\LiScript\LiScript\allocator.h(10,1): warning C4005: LOG: изменение макроопределения
  base_ast_functionality.cpp
E:\CppProgarams\MVS\smart_popinters\smart_pointers\smart_pointers\deleter_default.h(4): message : см. предыдущее определение "LOG"
E:\CppProgarams\MVS\TLP_LiScript\LiScript\LiScript\LiScript\allocator.h(10,1): warning C4005: LOG: изменение макроопределения
  call_function_statement.cpp
E:\CppProgarams\MVS\smart_popinters\smart_pointers\smart_pointers\deleter_default.h(4): message : см. предыдущее определение "LOG"
E:\CppProgarams\MVS\TLP_LiScript\LiScript\LiScript\LiScript\allocator.h(10,1): warning C4005: LOG: изменение макроопределения
  container.cpp
  declare_statement.cpp
E:\CppProgarams\MVS\smart_popinters\smart_pointers\smart_pointers\deleter_default.h(4): message : см. предыдущее определение "LOG"
E:\CppProgarams\MVS\TLP_LiScript\LiScript\LiScript\LiScript\allocator.h(10,1): warning C4005: LOG: изменение макроопределения
  define_statement.cpp
E:\CppProgarams\MVS\smart_popinters\smart_pointers\smart_pointers\deleter_default.h(4): message : см. предыдущее определение "LOG"
E:\CppProgarams\MVS\TLP_LiScript\LiScript\LiScript\LiScript\allocator.h(10,1): warning C4005: LOG: изменение макроопределения
  expression_ast.cpp
E:\CppProgarams\MVS\smart_popinters\smart_pointers\smart_pointers\deleter_default.h(4): message : см. предыдущее определение "LOG"
E:\CppProgarams\MVS\TLP_LiScript\LiScript\LiScript\LiScript\allocator.h(10,1): warning C4005: LOG: изменение макроопределения
  fields_list.cpp
E:\CppProgarams\MVS\smart_popinters\smart_pointers\smart_pointers\deleter_default.h(4): message : см. предыдущее определение "LOG"
E:\CppProgarams\MVS\TLP_LiScript\LiScript\LiScript\LiScript\allocator.h(10,1): warning C4005: LOG: изменение макроопределения
  grammar.cpp
  if_statement.cpp
E:\CppProgarams\MVS\smart_popinters\smart_pointers\smart_pointers\deleter_default.h(4): message : см. предыдущее определение "LOG"
E:\CppProgarams\MVS\TLP_LiScript\LiScript\LiScript\LiScript\allocator.h(10,1): warning C4005: LOG: изменение макроопределения
  initialized_lists.cpp
E:\CppProgarams\MVS\smart_popinters\smart_pointers\smart_pointers\deleter_default.h(4): message : см. предыдущее определение "LOG"
E:\CppProgarams\MVS\TLP_LiScript\LiScript\LiScript\LiScript\allocator.h(10,1): warning C4005: LOG: изменение макроопределения
  lexer.cpp
E:\CppProgarams\MVS\smart_popinters\smart_pointers\smart_pointers\deleter_default.h(4): message : см. предыдущее определение "LOG"
  lexical_grammar.cpp
  lvalue_statement.cpp
E:\CppProgarams\MVS\TLP_LiScript\LiScript\LiScript\LiScript\lexer.cpp(26,9): warning C4101: token: неиспользованная локальная переменная
E:\CppProgarams\MVS\TLP_LiScript\LiScript\LiScript\LiScript\allocator.h(10,1): warning C4005: LOG: изменение макроопределения
  main.cpp
E:\CppProgarams\MVS\smart_popinters\smart_pointers\smart_pointers\deleter_default.h(4): message : см. предыдущее определение "LOG"
E:\CppProgarams\MVS\TLP_LiScript\LiScript\LiScript\LiScript\allocator.h(10,1): warning C4005: LOG: изменение макроопределения
  params_list_statement.cpp
E:\CppProgarams\MVS\smart_popinters\smart_pointers\smart_pointers\deleter_default.h(4): message : см. предыдущее определение "LOG"
E:\CppProgarams\MVS\TLP_LiScript\LiScript\LiScript\LiScript\allocator.h(10,1): warning C4005: LOG: изменение макроопределения
  pasrer.cpp
E:\CppProgarams\MVS\smart_popinters\smart_pointers\smart_pointers\deleter_default.h(4): message : см. предыдущее определение "LOG"
E:\CppProgarams\MVS\TLP_LiScript\LiScript\LiScript\LiScript\allocator.h(10,1): warning C4005: LOG: изменение макроопределения
  ret_statement.cpp
E:\CppProgarams\MVS\smart_popinters\smart_pointers\smart_pointers\deleter_default.h(4): message : см. предыдущее определение "LOG"
E:\CppProgarams\MVS\TLP_LiScript\LiScript\LiScript\LiScript\allocator.h(10,1): warning C4005: LOG: изменение макроопределения
  Создание кода...
E:\CppProgarams\MVS\smart_popinters\smart_pointers\smart_pointers\deleter_default.h(4): message : см. предыдущее определение "LOG"
E:\CppProgarams\MVS\TLP_LiScript\LiScript\LiScript\LiScript\lexical_grammar.cpp(11): warning C4172: возвращение адреса локальной или временной переменной
E:\CppProgarams\MVS\TLP_LiScript\LiScript\LiScript\LiScript\lexical_grammar.cpp(21): warning C4172: возвращение адреса локальной или временной переменной
E:\CppProgarams\MVS\TLP_LiScript\LiScript\LiScript\LiScript\container.cpp(12): warning C4172: возвращение адреса локальной или временной переменной
E:\CppProgarams\MVS\TLP_LiScript\LiScript\LiScript\LiScript\container.cpp(25): warning C4172: возвращение адреса локальной или временной переменной
E:\CppProgarams\MVS\TLP_LiScript\LiScript\LiScript\LiScript\container.cpp(13): warning C4172: возвращение адреса локальной или временной переменной
  Компиляция...
  rvalue_statement.cpp
E:\CppProgarams\MVS\TLP_LiScript\LiScript\LiScript\LiScript\container.cpp(26): warning C4172: возвращение адреса локальной или временной переменной
E:\CppProgarams\MVS\TLP_LiScript\LiScript\LiScript\LiScript\allocator.h(10,1): warning C4005: LOG: изменение макроопределения
  statement.cpp
E:\CppProgarams\MVS\smart_popinters\smart_pointers\smart_pointers\deleter_default.h(4): message : см. предыдущее определение "LOG"
E:\CppProgarams\MVS\TLP_LiScript\LiScript\LiScript\LiScript\allocator.h(10,1): warning C4005: LOG: изменение макроопределения
  statement_list.cpp
E:\CppProgarams\MVS\smart_popinters\smart_pointers\smart_pointers\deleter_default.h(4): message : см. предыдущее определение "LOG"
E:\CppProgarams\MVS\TLP_LiScript\LiScript\LiScript\LiScript\allocator.h(10,1): warning C4005: LOG: изменение макроопределения
  struct_statement.cpp
E:\CppProgarams\MVS\smart_popinters\smart_pointers\smart_pointers\deleter_default.h(4): message : см. предыдущее определение "LOG"
E:\CppProgarams\MVS\TLP_LiScript\LiScript\LiScript\LiScript\allocator.h(10,1): warning C4005: LOG: изменение макроопределения
  test_token_type.cpp
  vector_tokens.cpp
  while_statement.cpp
E:\CppProgarams\MVS\smart_popinters\smart_pointers\smart_pointers\deleter_default.h(4): message : см. предыдущее определение "LOG"
E:\CppProgarams\MVS\TLP_LiScript\LiScript\LiScript\LiScript\allocator.h(10,1): warning C4005: LOG: изменение макроопределения
  Создание кода...
E:\CppProgarams\MVS\smart_popinters\smart_pointers\smart_pointers\deleter_default.h(4): message : см. предыдущее определение "LOG"
  LiScript.vcxproj -> E:\CppProgarams\MVS\TLP_LiScript\LiScript\LiScript\Debug\LiScript.exe
